<?xml version="1.0" encoding="UTF-8"?>
<!-- Generated by org.testng.reporters.JUnitXMLReporter -->
<testsuite hostname="UK-C02WF0X2HV2R" ignored="0" name="Business Search Tests" tests="10" failures="0" timestamp="27 Aug 2018 17:14:13 GMT" time="518.457" errors="0">
  <testcase name="CUICE3978" time="23.578" classname="Onboarding_tests.businessSearchTests"/>
  <testcase name="CUICE3979" time="29.276" classname="Onboarding_tests.businessSearchTests"/>
  <testcase name="CUICE3980" time="44.409" classname="Onboarding_tests.businessSearchTests"/>
  <testcase name="CUICE3981" time="24.214" classname="Onboarding_tests.businessSearchTests"/>
  <testcase name="CUICE3982" time="24.246" classname="Onboarding_tests.businessSearchTests"/>
  <testcase name="CUICE3995" time="38.719" classname="Onboarding_tests.businessSearchTests"/>
  <testcase name="CUICE3996" time="41.196" classname="Onboarding_tests.businessSearchTests"/>
  <testcase name="CUICE5182" time="32.294" classname="Onboarding_tests.businessSearchTests"/>
  <testcase name="CUICE3998" time="44.712" classname="Onboarding_tests.businessSearchTests"/>
  <testcase name="CUICE4000" time="28.654" classname="Onboarding_tests.businessSearchTests"/>
</testsuite> <!-- Business Search Tests -->
