<?xml version="1.0" encoding="UTF-8"?>
<!-- Generated by org.testng.reporters.JUnitXMLReporter -->
<testsuite hostname="UK-C02WF0X2HV2R" ignored="0" name="Business Search Tests" tests="10" failures="0" timestamp="27 Aug 2018 15:51:46 GMT" time="531.087" errors="0">
  <testcase name="CUICE3978" time="29.655" classname="Onboarding_tests.businessSearchTests"/>
  <testcase name="CUICE3979" time="31.191" classname="Onboarding_tests.businessSearchTests"/>
  <testcase name="CUICE3980" time="46.043" classname="Onboarding_tests.businessSearchTests"/>
  <testcase name="CUICE3981" time="24.136" classname="Onboarding_tests.businessSearchTests"/>
  <testcase name="CUICE3982" time="25.592" classname="Onboarding_tests.businessSearchTests"/>
  <testcase name="CUICE3995" time="33.954" classname="Onboarding_tests.businessSearchTests"/>
  <testcase name="CUICE3996" time="37.553" classname="Onboarding_tests.businessSearchTests"/>
  <testcase name="CUICE5182" time="29.255" classname="Onboarding_tests.businessSearchTests"/>
  <testcase name="CUICE3998" time="46.909" classname="Onboarding_tests.businessSearchTests"/>
  <testcase name="CUICE4000" time="30.955" classname="Onboarding_tests.businessSearchTests"/>
</testsuite> <!-- Business Search Tests -->
