<?xml version="1.0" encoding="UTF-8"?>
<!-- Generated by org.testng.reporters.JUnitXMLReporter -->
<testsuite hostname="UK-C02WF0X2HV2R" ignored="0" name="Set Up Test" tests="11" failures="1" timestamp="27 Aug 2018 17:05:34 GMT" time="449.19" errors="0">
  <testcase name="CUICE4445" time="6.519" classname="Onboarding_tests.SetUpTests"/>
  <testcase name="CUICE4446" time="9.633" classname="Onboarding_tests.SetUpTests"/>
  <testcase name="CUICE4447" time="7.995" classname="Onboarding_tests.SetUpTests"/>
  <testcase name="CUICE4448" time="20.061" classname="Onboarding_tests.SetUpTests"/>
  <testcase name="CUICE4343" time="10.886" classname="Onboarding_tests.SetUpTests"/>
  <testcase name="CUICE4344" time="12.085" classname="Onboarding_tests.SetUpTests"/>
  <testcase name="CUICE4345" time="33.629" classname="Onboarding_tests.SetUpTests"/>
  <testcase name="CUICE4346" time="59.415" classname="Onboarding_tests.SetUpTests">
    <failure type="java.lang.AssertionError" message="expected [true] but found [false]">
      <![CDATA[java.lang.AssertionError: expected [true] but found [false]
at Onboarding_tests.SetUpTests.CUICE4346(SetUpTests.java:62)
... Removed 28 stack frames]]>
    </failure>
  </testcase> <!-- CUICE4346 -->
  <testcase name="CUICE4105" time="16.995" classname="Onboarding_tests.SetUpTests"/>
  <testcase name="CUICE4815" time="21.634" classname="Onboarding_tests.SetUpTests"/>
  <testcase name="CUICE4816" time="20.241" classname="Onboarding_tests.SetUpTests"/>
</testsuite> <!-- Set Up Test -->
